**********************
Windows PowerShell transcript start
Start time: 20260330173716
Username: DESKTOP-2B6V2DH\Fatih
RunAs User: DESKTOP-2B6V2DH\Fatih
Configuration Name: 
Machine: DESKTOP-2B6V2DH (Microsoft Windows NT 10.0.19045.0)
Host Application: C:\Windows\System32\WindowsPowerShell\v1.0\powershell.exe -noexit -command try { . "c:\Users\Fatih\AppData\Local\Programs\Microsoft VS Code\cfbea10c5f\resources\app\out\vs\workbench\contrib\terminal\common\scripts\shellIntegration.ps1" } catch {}
Process ID: 19936
PSVersion: 5.1.19041.6456
PSEdition: Desktop
PSCompatibleVersions: 1.0, 2.0, 3.0, 4.0, 5.0, 5.1.19041.6456
BuildVersion: 10.0.19041.6456
CLRVersion: 4.0.30319.42000
WSManStackVersion: 3.0
PSRemotingProtocolVersion: 2.3
SerializationVersion: 1.1.0.1
**********************
Transcript started, output file is .\historical-sync.log

=== Starting season 1950 ===


=== Starting season 1951 ===


=== Starting season 1952 ===


=== Starting season 1953 ===


=== Starting season 1954 ===


=== Starting season 1955 ===


=== Starting season 1956 ===


=== Starting season 1957 ===


=== Starting season 1958 ===


=== Starting season 1959 ===


=== Starting season 1960 ===


=== Starting season 1961 ===


=== Starting season 1962 ===


=== Starting season 1963 ===


=== Starting season 1964 ===


=== Starting season 1965 ===


=== Starting season 1966 ===


=== Starting season 1967 ===


=== Starting season 1968 ===


=== Starting season 1969 ===


=== Starting season 1970 ===


=== Starting season 1971 ===


=== Starting season 1972 ===


=== Starting season 1973 ===


=== Starting season 1974 ===


=== Starting season 1975 ===
[2026-03-30T20:06:30.718Z]     25 results
[2026-03-30T20:07:19.199Z]     0 qualifying results
[2026-03-30T20:07:39.412Z]   Round 9: French Grand Prix
[2026-03-30T20:07:59.378Z]     26 results
[2026-03-30T20:08:33.984Z]     0 qualifying results
[2026-03-30T20:08:52.795Z]   Round 10: British Grand Prix
[2026-03-30T20:09:12.989Z]     26 results
[2026-03-30T20:09:47.217Z]     0 qualifying results
[2026-03-30T20:10:07.299Z]   Round 11: German Grand Prix
[2026-03-30T20:10:27.331Z]     25 results
[2026-03-30T20:11:01.199Z]     0 qualifying results
[2026-03-30T20:11:21.272Z]   Round 12: Austrian Grand Prix
[2026-03-30T20:11:42.056Z]     28 results
[2026-03-30T20:12:21.193Z]     0 qualifying results
[2026-03-30T20:12:41.073Z]   Round 13: Italian Grand Prix
[2026-03-30T20:13:02.100Z]     26 results
[2026-03-30T20:13:38.927Z]     0 qualifying results
[2026-03-30T20:13:58.412Z]   Round 14: United States Grand Prix
[2026-03-30T20:14:19.617Z]     24 results
[2026-03-30T20:14:52.219Z]     0 qualifying results
[2026-03-30T20:15:12.660Z]
✓ Sync complete in 1106.4s

=== Starting season 1976 ===


=== Starting season 1977 ===


=== Starting season 1978 ===


=== Starting season 1979 ===


=== Starting season 1980 ===


=== Starting season 1981 ===


=== Starting season 1982 ===


=== Starting season 1983 ===


=== Starting season 1984 ===


=== Starting season 1985 ===


=== Starting season 1986 ===


=== Starting season 1987 ===


=== Starting season 1988 ===


=== Starting season 1989 ===


=== Starting season 1990 ===


=== Starting season 1991 ===


=== Starting season 1992 ===


=== Starting season 1993 ===


=== Starting season 1994 ===


=== Starting season 1995 ===


=== Starting season 1996 ===


=== Starting season 1997 ===


=== Starting season 1998 ===


=== Starting season 1999 ===


=== Starting season 2000 ===


=== Starting season 2001 ===


=== Starting season 2002 ===


=== Starting season 2003 ===


=== Starting season 2004 ===
